<?xml version="1.0" encoding="UTF-8"?>
<!-- Generated by org.testng.reporters.JUnitXMLReporter -->
<testsuite hostname="Ammu" ignored="0" name="Test" tests="4" failures="0" timestamp="10 Mar 2019 00:45:16 GMT" time="37.73" errors="0">
  <testcase name="baseBaseNavigation" time="0.112" classname="myFirstFramework.ValidateLogo"/>
  <testcase name="baseBaseNavigation" time="11.255" classname="myFirstFramework.HomePage"/>
  <testcase name="baseBaseNavigation" time="5.409" classname="myFirstFramework.HomePage"/>
  <testcase name="baseBaseNavigation" time="0.082" classname="myFirstFramework.ValidateTitle"/>
</testsuite> <!-- Test -->
