<?xml version="1.0" encoding="UTF-8"?>
<!-- Generated by org.testng.reporters.JUnitXMLReporter -->
<testsuite hostname="Ammu" ignored="0" name="Validating logo" tests="1" failures="1" timestamp="12 Mar 2019 10:09:27 GMT" time="8.553" errors="0">
  <testcase name="baseBaseNavigation" time="0.007" classname="myFirstFramework.ValidateLogo">
    <failure type="java.lang.NullPointerException">
      <![CDATA[java.lang.NullPointerException
at pageObjects.LandingPage.getLogo(LandingPage.java:31)
at myFirstFramework.ValidateLogo.baseBaseNavigation(ValidateLogo.java:37)
... Removed 25 stack frames]]>
    </failure>
  </testcase> <!-- baseBaseNavigation -->
</testsuite> <!-- Validating logo -->
