<?xml version="1.0" encoding="UTF-8"?>
<!-- Generated by org.testng.reporters.JUnitXMLReporter -->
<testsuite hostname="Ammu" ignored="0" name="validating title" tests="1" failures="1" timestamp="12 Mar 2019 10:09:55 GMT" time="9.311" errors="0">
  <testcase name="baseBaseNavigation" time="0.071" classname="myFirstFramework.ValidateTitle">
    <failure type="java.lang.AssertionError" message="expected [FEATURED COURSES123] but found [FEATURED COURSES]">
      <![CDATA[java.lang.AssertionError: expected [FEATURED COURSES123] but found [FEATURED COURSES]
at myFirstFramework.ValidateTitle.baseBaseNavigation(ValidateTitle.java:36)
... Removed 31 stack frames]]>
    </failure>
  </testcase> <!-- baseBaseNavigation -->
</testsuite> <!-- validating title -->
