<?xml version="1.0" encoding="UTF-8"?>
<testng-results skipped="0" failed="0" total="5" passed="5">
  <reporter-output>
  </reporter-output>
  <suite name="Suite" duration-ms="38431" started-at="2019-03-13T23:15:52Z" finished-at="2019-03-13T23:16:31Z">
    <groups>
    </groups>
    <test name="Validating App" duration-ms="4" started-at="2019-03-13T23:15:52Z" finished-at="2019-03-13T23:15:52Z">
    </test> <!-- Validating App -->
    <test name="Validating logo" duration-ms="13604" started-at="2019-03-13T23:15:52Z" finished-at="2019-03-13T23:16:06Z">
      <class name="myFirstFramework.ValidateLogo">
        <test-method status="PASS" signature="initialize()[pri:0, instance:myFirstFramework.ValidateLogo@55b7a4e0]" name="initialize" is-config="true" duration-ms="7569" started-at="2019-03-13T23:15:52Z" finished-at="2019-03-13T23:16:00Z">
          <reporter-output>
          </reporter-output>
        </test-method> <!-- initialize -->
        <test-method status="PASS" signature="suppressPopUp()[pri:0, instance:myFirstFramework.ValidateLogo@55b7a4e0]" name="suppressPopUp" duration-ms="5794" started-at="2019-03-13T23:16:00Z" finished-at="2019-03-13T23:16:06Z">
          <reporter-output>
          </reporter-output>
        </test-method> <!-- suppressPopUp -->
        <test-method status="PASS" signature="validateAppLogo()[pri:0, instance:myFirstFramework.ValidateLogo@55b7a4e0]" name="validateAppLogo" duration-ms="62" started-at="2019-03-13T23:16:06Z" finished-at="2019-03-13T23:16:06Z">
          <reporter-output>
          </reporter-output>
        </test-method> <!-- validateAppLogo -->
        <test-method status="PASS" signature="teatdown()[pri:0, instance:myFirstFramework.ValidateLogo@55b7a4e0]" name="teatdown" is-config="true" duration-ms="169" started-at="2019-03-13T23:16:06Z" finished-at="2019-03-13T23:16:06Z">
          <reporter-output>
          </reporter-output>
        </test-method> <!-- teatdown -->
      </class> <!-- myFirstFramework.ValidateLogo -->
    </test> <!-- Validating logo -->
    <test name="Validating login" duration-ms="17398" started-at="2019-03-13T23:16:06Z" finished-at="2019-03-13T23:16:23Z">
      <class name="myFirstFramework.HomePage">
        <test-method status="PASS" signature="initialize()[pri:0, instance:myFirstFramework.HomePage@384ad17b]" name="initialize" is-config="true" duration-ms="2379" started-at="2019-03-13T23:16:06Z" finished-at="2019-03-13T23:16:08Z">
          <reporter-output>
          </reporter-output>
        </test-method> <!-- initialize -->
        <test-method status="PASS" signature="baseBaseNavigation(java.lang.String, java.lang.String, java.lang.String)[pri:0, instance:myFirstFramework.HomePage@384ad17b]" name="baseBaseNavigation" duration-ms="9218" started-at="2019-03-13T23:16:08Z" data-provider="getData" finished-at="2019-03-13T23:16:18Z">
          <params>
            <param index="0">
              <value>
                <![CDATA[nonrestricteduser@gmail.com]]>
              </value>
            </param>
            <param index="1">
              <value>
                <![CDATA[123456]]>
              </value>
            </param>
            <param index="2">
              <value>
                <![CDATA[restricted user]]>
              </value>
            </param>
          </params>
          <reporter-output>
          </reporter-output>
        </test-method> <!-- baseBaseNavigation -->
        <test-method status="PASS" signature="baseBaseNavigation(java.lang.String, java.lang.String, java.lang.String)[pri:0, instance:myFirstFramework.HomePage@384ad17b]" name="baseBaseNavigation" duration-ms="5648" started-at="2019-03-13T23:16:18Z" data-provider="getData" finished-at="2019-03-13T23:16:23Z">
          <params>
            <param index="0">
              <value>
                <![CDATA[restricted@gmail.com]]>
              </value>
            </param>
            <param index="1">
              <value>
                <![CDATA[123456]]>
              </value>
            </param>
            <param index="2">
              <value>
                <![CDATA[norestricted user]]>
              </value>
            </param>
          </params>
          <reporter-output>
          </reporter-output>
        </test-method> <!-- baseBaseNavigation -->
        <test-method status="PASS" signature="teatdown()[pri:0, instance:myFirstFramework.HomePage@384ad17b]" name="teatdown" is-config="true" duration-ms="152" started-at="2019-03-13T23:16:23Z" finished-at="2019-03-13T23:16:23Z">
          <reporter-output>
          </reporter-output>
        </test-method> <!-- teatdown -->
      </class> <!-- myFirstFramework.HomePage -->
    </test> <!-- Validating login -->
    <test name="validating title" duration-ms="7388" started-at="2019-03-13T23:16:23Z" finished-at="2019-03-13T23:16:31Z">
      <class name="myFirstFramework.ValidateTitle">
        <test-method status="PASS" signature="initialize()[pri:0, instance:myFirstFramework.ValidateTitle@14dd9eb7]" name="initialize" is-config="true" duration-ms="7186" started-at="2019-03-13T23:16:23Z" finished-at="2019-03-13T23:16:31Z">
          <reporter-output>
          </reporter-output>
        </test-method> <!-- initialize -->
        <test-method status="PASS" signature="validateAppTitle()[pri:0, instance:myFirstFramework.ValidateTitle@14dd9eb7]" name="validateAppTitle" duration-ms="61" started-at="2019-03-13T23:16:31Z" finished-at="2019-03-13T23:16:31Z">
          <reporter-output>
          </reporter-output>
        </test-method> <!-- validateAppTitle -->
        <test-method status="PASS" signature="teatdown()[pri:0, instance:myFirstFramework.ValidateTitle@14dd9eb7]" name="teatdown" is-config="true" duration-ms="141" started-at="2019-03-13T23:16:31Z" finished-at="2019-03-13T23:16:31Z">
          <reporter-output>
          </reporter-output>
        </test-method> <!-- teatdown -->
      </class> <!-- myFirstFramework.ValidateTitle -->
    </test> <!-- validating title -->
  </suite> <!-- Suite -->
</testng-results>
